*********************************************************************************************************************************************************************************************
*   The following results were generated the 29/09/2022 at 14:43:24 with Fstat for windows, V2.9.4  (June. 2003) from file Microsat.adults.plus.unrelated.chicks.noLOCUS1.forstructure.dat. *
*********************************************************************************************************************************************************************************************
      		  pop1	  pop2	  pop3	  pop4	  pop5	  pop6	  pop7	  pop8	  pop9	 pop10	 pop11	 pop12	 All_W	All_UW
	    Locus: Loc_1
	     N	   274	   363	    46	   211	   320	    59	    62	    40	    91	   184	   350	    78
	p:   1	 1.000	 0.000	 0.000	 0.000	 0.000	 0.000	 0.000	 0.000	 0.000	 0.000	 0.000	 0.000	 0.132	 0.083
	p:   2	 0.000	 1.000	 0.000	 0.000	 0.000	 0.000	 0.000	 0.000	 0.000	 0.000	 0.000	 0.000	 0.175	 0.083
	p:   3	 0.000	 0.000	 1.000	 0.000	 0.000	 0.000	 0.000	 0.000	 0.000	 0.000	 0.000	 0.000	 0.022	 0.083
	p:   4	 0.000	 0.000	 0.000	 1.000	 0.000	 0.000	 0.000	 0.000	 0.000	 0.000	 0.000	 0.000	 0.102	 0.083
	p:   5	 0.000	 0.000	 0.000	 0.000	 1.000	 0.000	 0.000	 0.000	 0.000	 0.000	 0.000	 0.000	 0.154	 0.083
	p:   6	 0.000	 0.000	 0.000	 0.000	 0.000	 1.000	 0.000	 0.000	 0.000	 0.000	 0.000	 0.000	 0.028	 0.083
	p:   7	 0.000	 0.000	 0.000	 0.000	 0.000	 0.000	 1.000	 0.000	 0.000	 0.000	 0.000	 0.000	 0.030	 0.083
	p:   8	 0.000	 0.000	 0.000	 0.000	 0.000	 0.000	 0.000	 1.000	 0.000	 0.000	 0.000	 0.000	 0.019	 0.083
	p:   9	 0.000	 0.000	 0.000	 0.000	 0.000	 0.000	 0.000	 0.000	 1.000	 0.000	 0.000	 0.000	 0.044	 0.083
	p:  10	 0.000	 0.000	 0.000	 0.000	 0.000	 0.000	 0.000	 0.000	 0.000	 1.000	 0.000	 0.000	 0.089	 0.083
	p:  11	 0.000	 0.000	 0.000	 0.000	 0.000	 0.000	 0.000	 0.000	 0.000	 0.000	 1.000	 0.000	 0.168	 0.083
	p:  12	 0.000	 0.000	 0.000	 0.000	 0.000	 0.000	 0.000	 0.000	 0.000	 0.000	 0.000	 1.000	 0.038	 0.083
															

	    Locus: Loc_2
	     N	   274	   363	    46	   211	   319	    58	    62	    40	    91	   183	   348	    78
	p: 144	 0.015	 0.030	 0.011	 0.000	 0.011	 0.026	 0.008	 0.000	 0.022	 0.003	 0.010	 0.013	 0.014	 0.012
	p: 148	 0.068	 0.037	 0.043	 0.028	 0.034	 0.000	 0.048	 0.000	 0.033	 0.008	 0.013	 0.045	 0.032	 0.030
	p: 152	 0.162	 0.167	 0.120	 0.149	 0.208	 0.216	 0.145	 0.225	 0.187	 0.251	 0.154	 0.103	 0.175	 0.174
	p: 156	 0.175	 0.233	 0.217	 0.232	 0.125	 0.241	 0.298	 0.250	 0.242	 0.230	 0.177	 0.263	 0.203	 0.224
	p: 160	 0.265	 0.226	 0.348	 0.294	 0.320	 0.216	 0.282	 0.213	 0.220	 0.268	 0.264	 0.314	 0.269	 0.269
	p: 164	 0.170	 0.200	 0.152	 0.261	 0.183	 0.198	 0.153	 0.275	 0.225	 0.199	 0.234	 0.179	 0.205	 0.203
	p: 168	 0.128	 0.106	 0.065	 0.036	 0.108	 0.086	 0.032	 0.025	 0.066	 0.038	 0.141	 0.058	 0.093	 0.074
	p: 172	 0.016	 0.000	 0.033	 0.000	 0.009	 0.017	 0.024	 0.013	 0.005	 0.003	 0.007	 0.019	 0.008	 0.012
	p: 176	 0.002	 0.000	 0.000	 0.000	 0.000	 0.000	 0.000	 0.000	 0.000	 0.000	 0.000	 0.000	 0.000	 0.000
	p: 180	 0.000	 0.001	 0.011	 0.000	 0.000	 0.000	 0.000	 0.000	 0.000	 0.000	 0.000	 0.006	 0.001	 0.002
	p: 198	 0.000	 0.000	 0.000	 0.000	 0.000	 0.000	 0.008	 0.000	 0.000	 0.000	 0.000	 0.000	 0.000	 0.001
															

	    Locus: Loc_3
	     N	   274	   363	    46	   211	   320	    59	    62	    40	    91	   182	   349	    78
	p: 140	 0.000	 0.000	 0.000	 0.000	 0.000	 0.008	 0.000	 0.000	 0.000	 0.003	 0.000	 0.000	 0.000	 0.001
	p: 144	 0.011	 0.006	 0.043	 0.043	 0.003	 0.008	 0.008	 0.038	 0.033	 0.047	 0.023	 0.000	 0.019	 0.022
	p: 148	 0.033	 0.047	 0.054	 0.028	 0.022	 0.017	 0.073	 0.075	 0.044	 0.027	 0.032	 0.071	 0.036	 0.044
	p: 152	 0.150	 0.103	 0.087	 0.206	 0.153	 0.144	 0.194	 0.200	 0.132	 0.179	 0.120	 0.128	 0.145	 0.150
	p: 156	 0.257	 0.281	 0.207	 0.218	 0.264	 0.246	 0.218	 0.275	 0.291	 0.201	 0.222	 0.250	 0.247	 0.244
	p: 160	 0.206	 0.172	 0.337	 0.149	 0.197	 0.153	 0.210	 0.100	 0.192	 0.162	 0.196	 0.250	 0.188	 0.194
	p: 164	 0.208	 0.178	 0.098	 0.201	 0.170	 0.212	 0.145	 0.150	 0.115	 0.179	 0.242	 0.135	 0.187	 0.169
	p: 168	 0.117	 0.154	 0.163	 0.111	 0.123	 0.110	 0.129	 0.113	 0.115	 0.151	 0.095	 0.154	 0.126	 0.128
	p: 172	 0.011	 0.052	 0.000	 0.038	 0.052	 0.051	 0.008	 0.038	 0.055	 0.033	 0.056	 0.013	 0.040	 0.034
	p: 176	 0.007	 0.007	 0.011	 0.005	 0.011	 0.051	 0.000	 0.013	 0.022	 0.016	 0.013	 0.000	 0.011	 0.013
	p: 180	 0.000	 0.000	 0.000	 0.000	 0.005	 0.000	 0.000	 0.000	 0.000	 0.000	 0.001	 0.000	 0.001	 0.001
	p: 184	 0.000	 0.000	 0.000	 0.000	 0.000	 0.000	 0.000	 0.000	 0.000	 0.003	 0.000	 0.000	 0.000	 0.000
	p: 188	 0.000	 0.000	 0.000	 0.000	 0.000	 0.000	 0.008	 0.000	 0.000	 0.000	 0.000	 0.000	 0.000	 0.001
	p: 192	 0.000	 0.000	 0.000	 0.000	 0.000	 0.000	 0.008	 0.000	 0.000	 0.000	 0.000	 0.000	 0.000	 0.001
															

	    Locus: Loc_4
	     N	   274	   363	    46	   211	   319	    59	    62	    40	    91	   184	   350	    78
	p: 169	 0.000	 0.019	 0.000	 0.007	 0.005	 0.000	 0.000	 0.000	 0.000	 0.019	 0.000	 0.000	 0.006	 0.004
	p: 173	 0.000	 0.003	 0.000	 0.000	 0.002	 0.000	 0.000	 0.000	 0.000	 0.000	 0.000	 0.000	 0.001	 0.000
	p: 177	 0.005	 0.000	 0.000	 0.000	 0.000	 0.000	 0.024	 0.000	 0.000	 0.000	 0.000	 0.000	 0.001	 0.002
	p: 181	 0.137	 0.074	 0.033	 0.088	 0.089	 0.110	 0.137	 0.063	 0.060	 0.076	 0.093	 0.128	 0.093	 0.091
	p: 185	 0.312	 0.227	 0.239	 0.223	 0.238	 0.203	 0.161	 0.238	 0.214	 0.329	 0.253	 0.154	 0.247	 0.233
	p: 189	 0.305	 0.435	 0.424	 0.434	 0.350	 0.339	 0.371	 0.463	 0.379	 0.359	 0.397	 0.372	 0.382	 0.386
	p: 193	 0.166	 0.168	 0.109	 0.133	 0.196	 0.246	 0.145	 0.175	 0.214	 0.120	 0.143	 0.212	 0.164	 0.169
	p: 197	 0.071	 0.063	 0.185	 0.100	 0.114	 0.102	 0.153	 0.063	 0.126	 0.087	 0.104	 0.077	 0.095	 0.104
	p: 201	 0.002	 0.010	 0.011	 0.014	 0.003	 0.000	 0.008	 0.000	 0.005	 0.011	 0.010	 0.051	 0.009	 0.010
	p: 205	 0.002	 0.000	 0.000	 0.002	 0.000	 0.000	 0.000	 0.000	 0.000	 0.000	 0.000	 0.000	 0.000	 0.000
	p: 209	 0.000	 0.000	 0.000	 0.000	 0.002	 0.000	 0.000	 0.000	 0.000	 0.000	 0.000	 0.000	 0.000	 0.000
	p: 217	 0.000	 0.000	 0.000	 0.000	 0.002	 0.000	 0.000	 0.000	 0.000	 0.000	 0.000	 0.000	 0.000	 0.000
	p: 221	 0.000	 0.000	 0.000	 0.000	 0.000	 0.000	 0.000	 0.000	 0.000	 0.000	 0.000	 0.006	 0.000	 0.001
															

	    Locus: Loc_5
	     N	   274	   363	    46	   211	   319	    59	    62	    40	    91	   184	   350	    78
	p: 161	 0.002	 0.001	 0.000	 0.021	 0.008	 0.000	 0.024	 0.013	 0.038	 0.008	 0.007	 0.006	 0.009	 0.011
	p: 165	 0.266	 0.117	 0.087	 0.187	 0.216	 0.297	 0.161	 0.225	 0.231	 0.144	 0.184	 0.090	 0.185	 0.184
	p: 169	 0.170	 0.255	 0.348	 0.230	 0.270	 0.161	 0.274	 0.250	 0.209	 0.261	 0.273	 0.250	 0.245	 0.246
	p: 173	 0.214	 0.273	 0.130	 0.166	 0.166	 0.220	 0.161	 0.175	 0.236	 0.253	 0.126	 0.308	 0.201	 0.202
	p: 177	 0.243	 0.211	 0.185	 0.265	 0.185	 0.254	 0.258	 0.225	 0.165	 0.204	 0.284	 0.199	 0.228	 0.223
	p: 181	 0.069	 0.081	 0.196	 0.109	 0.143	 0.068	 0.105	 0.088	 0.104	 0.063	 0.094	 0.135	 0.098	 0.104
	p: 185	 0.022	 0.062	 0.054	 0.012	 0.013	 0.000	 0.016	 0.025	 0.016	 0.065	 0.026	 0.013	 0.030	 0.027
	p: 189	 0.000	 0.000	 0.000	 0.002	 0.000	 0.000	 0.000	 0.000	 0.000	 0.000	 0.001	 0.000	 0.000	 0.000
	p: 193	 0.015	 0.000	 0.000	 0.007	 0.000	 0.000	 0.000	 0.000	 0.000	 0.003	 0.004	 0.000	 0.004	 0.002
															

	    Locus: Loc_6
	     N	   274	   363	    46	   211	   319	    59	    62	    40	    91	   184	   350	    78
	p: 187	 0.000	 0.001	 0.000	 0.000	 0.000	 0.000	 0.000	 0.000	 0.000	 0.000	 0.000	 0.000	 0.000	 0.000
	p: 191	 0.018	 0.019	 0.000	 0.024	 0.017	 0.008	 0.032	 0.025	 0.000	 0.014	 0.003	 0.006	 0.014	 0.014
	p: 195	 0.102	 0.117	 0.033	 0.088	 0.110	 0.085	 0.105	 0.100	 0.033	 0.122	 0.081	 0.058	 0.096	 0.086
	p: 199	 0.255	 0.277	 0.380	 0.263	 0.334	 0.322	 0.266	 0.288	 0.418	 0.291	 0.293	 0.256	 0.294	 0.304
	p: 203	 0.263	 0.282	 0.163	 0.280	 0.237	 0.220	 0.177	 0.238	 0.165	 0.277	 0.344	 0.327	 0.271	 0.248
	p: 207	 0.203	 0.158	 0.217	 0.185	 0.165	 0.136	 0.169	 0.213	 0.159	 0.114	 0.109	 0.199	 0.159	 0.169
	p: 211	 0.047	 0.063	 0.076	 0.047	 0.038	 0.085	 0.056	 0.063	 0.093	 0.084	 0.046	 0.051	 0.056	 0.063
	p: 215	 0.042	 0.022	 0.043	 0.036	 0.049	 0.076	 0.065	 0.038	 0.033	 0.041	 0.046	 0.026	 0.040	 0.043
	p: 219	 0.002	 0.003	 0.000	 0.002	 0.005	 0.000	 0.000	 0.000	 0.005	 0.003	 0.001	 0.000	 0.002	 0.002
	p: 223	 0.000	 0.001	 0.000	 0.002	 0.000	 0.000	 0.000	 0.000	 0.000	 0.000	 0.000	 0.000	 0.000	 0.000
	p: 263	 0.000	 0.000	 0.000	 0.000	 0.000	 0.000	 0.000	 0.000	 0.000	 0.000	 0.000	 0.006	 0.000	 0.001
	p: 267	 0.000	 0.008	 0.011	 0.000	 0.000	 0.000	 0.000	 0.000	 0.000	 0.003	 0.000	 0.006	 0.002	 0.002
	p: 271	 0.004	 0.000	 0.000	 0.000	 0.000	 0.000	 0.000	 0.000	 0.000	 0.000	 0.000	 0.000	 0.000	 0.000
	p: 275	 0.020	 0.007	 0.011	 0.017	 0.008	 0.017	 0.000	 0.000	 0.005	 0.027	 0.009	 0.006	 0.012	 0.011
	p: 279	 0.009	 0.021	 0.000	 0.009	 0.013	 0.000	 0.032	 0.013	 0.016	 0.014	 0.016	 0.000	 0.013	 0.012
	p: 280	 0.000	 0.010	 0.000	 0.000	 0.000	 0.000	 0.000	 0.000	 0.000	 0.000	 0.006	 0.000	 0.003	 0.001
	p: 283	 0.013	 0.001	 0.043	 0.038	 0.014	 0.025	 0.065	 0.025	 0.011	 0.011	 0.020	 0.013	 0.017	 0.023
	p: 284	 0.002	 0.000	 0.000	 0.000	 0.000	 0.000	 0.000	 0.000	 0.000	 0.000	 0.004	 0.006	 0.001	 0.001
	p: 287	 0.009	 0.004	 0.022	 0.002	 0.006	 0.025	 0.024	 0.000	 0.049	 0.000	 0.013	 0.032	 0.011	 0.016
	p: 288	 0.000	 0.000	 0.000	 0.000	 0.002	 0.000	 0.000	 0.000	 0.000	 0.000	 0.004	 0.000	 0.001	 0.000
	p: 291	 0.009	 0.004	 0.000	 0.005	 0.000	 0.000	 0.008	 0.000	 0.005	 0.000	 0.006	 0.006	 0.004	 0.004
	p: 295	 0.002	 0.000	 0.000	 0.002	 0.003	 0.000	 0.000	 0.000	 0.005	 0.000	 0.000	 0.000	 0.001	 0.001
	p: 299	 0.000	 0.000	 0.000	 0.000	 0.002	 0.000	 0.000	 0.000	 0.000	 0.000	 0.000	 0.000	 0.000	 0.000
															

	    Locus: Loc_7
	     N	   274	   363	    46	   211	   317	    59	    62	    39	    91	   184	   348	    78
	p: 218	 0.000	 0.000	 0.000	 0.002	 0.013	 0.000	 0.000	 0.000	 0.000	 0.008	 0.000	 0.006	 0.003	 0.002
	p: 222	 0.000	 0.000	 0.000	 0.000	 0.000	 0.000	 0.016	 0.000	 0.000	 0.000	 0.003	 0.000	 0.001	 0.002
	p: 226	 0.005	 0.001	 0.054	 0.007	 0.011	 0.017	 0.032	 0.000	 0.005	 0.000	 0.001	 0.032	 0.008	 0.014
	p: 230	 0.046	 0.080	 0.054	 0.047	 0.021	 0.042	 0.056	 0.038	 0.060	 0.035	 0.026	 0.038	 0.044	 0.045
	p: 234	 0.031	 0.062	 0.087	 0.078	 0.109	 0.136	 0.113	 0.077	 0.148	 0.147	 0.112	 0.122	 0.093	 0.102
	p: 238	 0.288	 0.233	 0.283	 0.315	 0.192	 0.203	 0.202	 0.256	 0.247	 0.217	 0.263	 0.205	 0.245	 0.242
	p: 242	 0.188	 0.287	 0.196	 0.256	 0.276	 0.195	 0.274	 0.282	 0.181	 0.258	 0.254	 0.263	 0.250	 0.242
	p: 246	 0.193	 0.175	 0.141	 0.109	 0.156	 0.195	 0.129	 0.231	 0.115	 0.117	 0.151	 0.167	 0.155	 0.157
	p: 250	 0.162	 0.121	 0.152	 0.147	 0.172	 0.169	 0.105	 0.090	 0.121	 0.130	 0.151	 0.077	 0.142	 0.133
	p: 254	 0.069	 0.032	 0.011	 0.014	 0.033	 0.034	 0.073	 0.026	 0.099	 0.024	 0.023	 0.071	 0.038	 0.042
	p: 258	 0.016	 0.010	 0.022	 0.024	 0.017	 0.008	 0.000	 0.000	 0.022	 0.063	 0.016	 0.019	 0.020	 0.018
															

	    Locus: Loc_8
	     N	   103	   198	     4	    90	   170	     7	     0	    22	     1	    86	   204	    56
	p: 149	 0.883	 0.851	 1.000	 0.900	 0.935	 0.929	    NA	 0.909	 1.000	 0.907	 0.951	 0.866	 0.905	 0.921
	p: 151	 0.024	 0.000	 0.000	 0.006	 0.003	 0.000	    NA	 0.000	 0.000	 0.017	 0.010	 0.000	 0.007	 0.005
	p: 153	 0.049	 0.051	 0.000	 0.067	 0.015	 0.000	    NA	 0.068	 0.000	 0.041	 0.012	 0.071	 0.037	 0.034
	p: 155	 0.005	 0.068	 0.000	 0.006	 0.012	 0.071	    NA	 0.023	 0.000	 0.029	 0.005	 0.045	 0.025	 0.024
	p: 157	 0.039	 0.030	 0.000	 0.011	 0.035	 0.000	    NA	 0.000	 0.000	 0.006	 0.012	 0.018	 0.022	 0.014
	p: 182	 0.000	 0.000	 0.000	 0.000	 0.000	 0.000	    NA	 0.000	 0.000	 0.000	 0.002	 0.000	 0.001	 0.000
	p: 186	 0.000	 0.000	 0.000	 0.006	 0.000	 0.000	    NA	 0.000	 0.000	 0.000	 0.002	 0.000	 0.001	 0.001
	p: 194	 0.000	 0.000	 0.000	 0.006	 0.000	 0.000	    NA	 0.000	 0.000	 0.000	 0.002	 0.000	 0.001	 0.001
	p: 198	 0.000	 0.000	 0.000	 0.000	 0.000	 0.000	    NA	 0.000	 0.000	 0.000	 0.002	 0.000	 0.001	 0.000
															

	    Locus: Loc_9
	     N	   273	   363	    46	   211	   317	    58	    62	    40	    91	   183	   349	    78
	p: 128	 0.108	 0.101	 0.087	 0.149	 0.109	 0.086	 0.056	 0.050	 0.055	 0.101	 0.113	 0.090	 0.105	 0.092
	p: 130	 0.002	 0.007	 0.000	 0.007	 0.000	 0.000	 0.008	 0.013	 0.000	 0.005	 0.009	 0.000	 0.005	 0.004
	p: 132	 0.000	 0.000	 0.000	 0.000	 0.000	 0.000	 0.016	 0.000	 0.000	 0.000	 0.000	 0.000	 0.000	 0.001
	p: 134	 0.075	 0.125	 0.076	 0.057	 0.096	 0.069	 0.105	 0.088	 0.088	 0.096	 0.072	 0.103	 0.089	 0.087
	p: 136	 0.035	 0.065	 0.109	 0.066	 0.044	 0.112	 0.065	 0.075	 0.110	 0.071	 0.056	 0.122	 0.063	 0.077
	p: 138	 0.106	 0.059	 0.109	 0.081	 0.025	 0.009	 0.089	 0.100	 0.038	 0.093	 0.079	 0.064	 0.069	 0.071
	p: 140	 0.015	 0.052	 0.033	 0.026	 0.043	 0.034	 0.024	 0.025	 0.049	 0.025	 0.017	 0.006	 0.031	 0.029
	p: 142	 0.062	 0.045	 0.033	 0.045	 0.101	 0.052	 0.065	 0.100	 0.077	 0.033	 0.064	 0.032	 0.061	 0.059
	p: 144	 0.033	 0.044	 0.022	 0.012	 0.033	 0.060	 0.000	 0.038	 0.049	 0.038	 0.057	 0.006	 0.037	 0.033
	p: 146	 0.225	 0.244	 0.272	 0.332	 0.322	 0.241	 0.323	 0.325	 0.291	 0.314	 0.299	 0.288	 0.286	 0.290
	p: 148	 0.081	 0.054	 0.120	 0.040	 0.080	 0.060	 0.073	 0.013	 0.093	 0.057	 0.044	 0.064	 0.062	 0.065
	p: 150	 0.081	 0.088	 0.033	 0.055	 0.025	 0.009	 0.040	 0.088	 0.033	 0.049	 0.046	 0.026	 0.054	 0.048
	p: 152	 0.092	 0.065	 0.065	 0.066	 0.066	 0.129	 0.097	 0.013	 0.049	 0.055	 0.072	 0.115	 0.072	 0.074
	p: 154	 0.005	 0.006	 0.033	 0.017	 0.002	 0.009	 0.000	 0.025	 0.022	 0.036	 0.024	 0.000	 0.013	 0.015
	p: 156	 0.009	 0.008	 0.000	 0.005	 0.016	 0.009	 0.000	 0.000	 0.011	 0.003	 0.003	 0.038	 0.008	 0.008
	p: 158	 0.020	 0.006	 0.011	 0.009	 0.008	 0.000	 0.024	 0.013	 0.027	 0.005	 0.020	 0.006	 0.012	 0.012
	p: 160	 0.024	 0.008	 0.000	 0.007	 0.024	 0.086	 0.000	 0.000	 0.005	 0.014	 0.009	 0.026	 0.015	 0.017
	p: 162	 0.002	 0.001	 0.000	 0.019	 0.000	 0.000	 0.000	 0.025	 0.000	 0.003	 0.001	 0.000	 0.003	 0.004
	p: 164	 0.013	 0.011	 0.000	 0.000	 0.000	 0.000	 0.000	 0.000	 0.000	 0.000	 0.001	 0.000	 0.004	 0.002
	p: 166	 0.000	 0.000	 0.000	 0.000	 0.002	 0.000	 0.000	 0.000	 0.000	 0.000	 0.000	 0.000	 0.000	 0.000
	p: 168	 0.009	 0.011	 0.000	 0.007	 0.005	 0.034	 0.016	 0.013	 0.000	 0.003	 0.013	 0.006	 0.009	 0.010
	p: 170	 0.004	 0.000	 0.000	 0.000	 0.000	 0.000	 0.000	 0.000	 0.000	 0.000	 0.000	 0.000	 0.000	 0.000
	p: 172	 0.000	 0.000	 0.000	 0.000	 0.000	 0.000	 0.000	 0.000	 0.000	 0.000	 0.000	 0.006	 0.000	 0.001
															

	    Locus: Loc_10
	     N	   274	   362	    46	   210	   320	    59	    62	    40	    91	   183	   350	    78
	p: 174	 0.000	 0.000	 0.000	 0.002	 0.000	 0.000	 0.000	 0.000	 0.000	 0.000	 0.001	 0.000	 0.000	 0.000
	p: 180	 0.224	 0.163	 0.293	 0.171	 0.228	 0.237	 0.185	 0.250	 0.187	 0.303	 0.246	 0.192	 0.218	 0.223
	p: 182	 0.120	 0.133	 0.163	 0.129	 0.100	 0.127	 0.105	 0.150	 0.203	 0.112	 0.103	 0.147	 0.122	 0.133
	p: 184	 0.203	 0.169	 0.185	 0.248	 0.220	 0.220	 0.202	 0.275	 0.099	 0.142	 0.263	 0.179	 0.205	 0.200
	p: 186	 0.440	 0.486	 0.337	 0.398	 0.425	 0.398	 0.435	 0.300	 0.495	 0.391	 0.356	 0.436	 0.419	 0.408
	p: 188	 0.004	 0.001	 0.000	 0.021	 0.000	 0.000	 0.000	 0.013	 0.000	 0.025	 0.014	 0.000	 0.008	 0.006
	p: 192	 0.009	 0.035	 0.022	 0.024	 0.006	 0.000	 0.056	 0.013	 0.011	 0.022	 0.014	 0.045	 0.020	 0.021
	p: 194	 0.000	 0.014	 0.000	 0.007	 0.020	 0.017	 0.008	 0.000	 0.005	 0.005	 0.003	 0.000	 0.008	 0.007
	p: 200	 0.000	 0.000	 0.000	 0.000	 0.000	 0.000	 0.008	 0.000	 0.000	 0.000	 0.000	 0.000	 0.000	 0.001
															

	    Locus: Loc_11
	     N	   273	   363	    46	   211	   320	    59	    62	    40	    91	   184	   350	    78
	p: 144	 0.000	 0.000	 0.000	 0.000	 0.000	 0.000	 0.016	 0.000	 0.000	 0.000	 0.000	 0.000	 0.000	 0.001
	p: 148	 0.000	 0.001	 0.000	 0.000	 0.000	 0.000	 0.000	 0.000	 0.000	 0.000	 0.000	 0.000	 0.000	 0.000
	p: 152	 0.011	 0.054	 0.022	 0.019	 0.014	 0.008	 0.016	 0.013	 0.011	 0.019	 0.023	 0.013	 0.023	 0.019
	p: 156	 0.168	 0.161	 0.109	 0.211	 0.145	 0.110	 0.137	 0.213	 0.110	 0.182	 0.157	 0.103	 0.159	 0.150
	p: 160	 0.240	 0.230	 0.228	 0.180	 0.267	 0.220	 0.194	 0.250	 0.203	 0.272	 0.196	 0.231	 0.228	 0.226
	p: 164	 0.218	 0.230	 0.239	 0.227	 0.258	 0.288	 0.315	 0.188	 0.236	 0.280	 0.233	 0.288	 0.243	 0.250
	p: 168	 0.170	 0.252	 0.261	 0.265	 0.178	 0.288	 0.234	 0.213	 0.368	 0.188	 0.277	 0.244	 0.234	 0.245
	p: 172	 0.170	 0.036	 0.120	 0.059	 0.084	 0.059	 0.048	 0.100	 0.055	 0.046	 0.081	 0.115	 0.080	 0.081
	p: 176	 0.022	 0.036	 0.022	 0.036	 0.048	 0.025	 0.040	 0.025	 0.016	 0.008	 0.017	 0.006	 0.028	 0.025
	p: 180	 0.000	 0.000	 0.000	 0.002	 0.005	 0.000	 0.000	 0.000	 0.000	 0.005	 0.016	 0.000	 0.004	 0.002
															

	    Locus: Loc_12
	     N	   274	   362	    46	   211	   319	    59	    62	    40	    91	   184	   349	    78
	p: 149	 0.005	 0.003	 0.000	 0.005	 0.003	 0.000	 0.000	 0.013	 0.000	 0.005	 0.006	 0.000	 0.004	 0.003
	p: 153	 0.013	 0.003	 0.000	 0.002	 0.027	 0.017	 0.000	 0.000	 0.011	 0.000	 0.006	 0.006	 0.009	 0.007
	p: 157	 0.018	 0.046	 0.087	 0.031	 0.041	 0.042	 0.065	 0.038	 0.016	 0.041	 0.047	 0.077	 0.041	 0.046
	p: 161	 0.109	 0.083	 0.054	 0.135	 0.088	 0.110	 0.065	 0.100	 0.099	 0.120	 0.119	 0.071	 0.102	 0.096
	p: 165	 0.307	 0.269	 0.315	 0.254	 0.317	 0.271	 0.250	 0.238	 0.302	 0.226	 0.242	 0.340	 0.275	 0.277
	p: 169	 0.301	 0.359	 0.283	 0.284	 0.292	 0.314	 0.323	 0.250	 0.286	 0.304	 0.269	 0.256	 0.300	 0.293
	p: 173	 0.179	 0.151	 0.152	 0.154	 0.139	 0.136	 0.105	 0.263	 0.121	 0.155	 0.169	 0.096	 0.153	 0.152
	p: 177	 0.058	 0.057	 0.054	 0.100	 0.083	 0.068	 0.097	 0.075	 0.071	 0.114	 0.112	 0.115	 0.084	 0.084
	p: 181	 0.004	 0.026	 0.022	 0.021	 0.009	 0.042	 0.073	 0.000	 0.044	 0.024	 0.016	 0.013	 0.020	 0.025
	p: 185	 0.005	 0.004	 0.022	 0.014	 0.002	 0.000	 0.024	 0.025	 0.049	 0.011	 0.014	 0.026	 0.011	 0.016
	p: 189	 0.000	 0.000	 0.011	 0.000	 0.000	 0.000	 0.000	 0.000	 0.000	 0.000	 0.000	 0.000	 0.000	 0.001
															

	    Locus: Loc_13
	     N	    78	   134	     3	    60	   125	     1	     0	    19	     0	    45	   175	    48
	p: 121	 0.006	 0.015	 0.000	 0.008	 0.024	 0.500	    NA	 0.053	    NA	 0.022	 0.003	 0.010	 0.014	 0.064
	p: 125	 0.128	 0.082	 0.000	 0.075	 0.112	 0.000	    NA	 0.132	    NA	 0.100	 0.077	 0.052	 0.091	 0.076
	p: 129	 0.205	 0.276	 0.167	 0.242	 0.344	 0.000	    NA	 0.342	    NA	 0.433	 0.309	 0.313	 0.299	 0.263
	p: 133	 0.288	 0.272	 0.167	 0.325	 0.204	 0.000	    NA	 0.079	    NA	 0.267	 0.317	 0.313	 0.274	 0.223
	p: 137	 0.186	 0.194	 0.333	 0.200	 0.176	 0.500	    NA	 0.237	    NA	 0.044	 0.089	 0.167	 0.154	 0.213
	p: 141	 0.064	 0.060	 0.000	 0.017	 0.044	 0.000	    NA	 0.053	    NA	 0.056	 0.037	 0.042	 0.046	 0.037
	p: 145	 0.058	 0.015	 0.000	 0.033	 0.060	 0.000	    NA	 0.053	    NA	 0.044	 0.054	 0.010	 0.042	 0.033
	p: 149	 0.006	 0.004	 0.000	 0.008	 0.008	 0.000	    NA	 0.000	    NA	 0.000	 0.003	 0.000	 0.004	 0.003
	p: 153	 0.000	 0.000	 0.000	 0.008	 0.000	 0.000	    NA	 0.000	    NA	 0.000	 0.000	 0.000	 0.001	 0.001
	p: 161	 0.000	 0.000	 0.000	 0.000	 0.000	 0.000	    NA	 0.000	    NA	 0.000	 0.003	 0.000	 0.001	 0.000
	p: 165	 0.000	 0.000	 0.000	 0.008	 0.000	 0.000	    NA	 0.000	    NA	 0.000	 0.006	 0.000	 0.002	 0.001
	p: 169	 0.000	 0.000	 0.000	 0.008	 0.000	 0.000	    NA	 0.000	    NA	 0.000	 0.003	 0.000	 0.001	 0.001
	p: 195	 0.000	 0.000	 0.000	 0.000	 0.000	 0.000	    NA	 0.000	    NA	 0.000	 0.000	 0.010	 0.001	 0.001
	p: 199	 0.000	 0.007	 0.167	 0.000	 0.000	 0.000	    NA	 0.000	    NA	 0.000	 0.000	 0.010	 0.003	 0.018
	p: 203	 0.013	 0.000	 0.000	 0.000	 0.000	 0.000	    NA	 0.000	    NA	 0.000	 0.000	 0.000	 0.001	 0.001
	p: 207	 0.032	 0.011	 0.167	 0.008	 0.004	 0.000	    NA	 0.000	    NA	 0.011	 0.009	 0.000	 0.011	 0.024
	p: 211	 0.006	 0.060	 0.000	 0.008	 0.016	 0.000	    NA	 0.000	    NA	 0.011	 0.026	 0.000	 0.023	 0.013
	p: 215	 0.006	 0.000	 0.000	 0.033	 0.008	 0.000	    NA	 0.053	    NA	 0.011	 0.034	 0.031	 0.018	 0.018
	p: 219	 0.000	 0.004	 0.000	 0.000	 0.000	 0.000	    NA	 0.000	    NA	 0.000	 0.026	 0.031	 0.009	 0.006
	p: 223	 0.000	 0.000	 0.000	 0.017	 0.000	 0.000	    NA	 0.000	    NA	 0.000	 0.006	 0.010	 0.004	 0.003
															

	    Locus: Loc_14
	     N	   247	   307	    46	   191	   288	    59	    62	    40	    91	   160	   304	    69
	p: 149	 0.897	 0.849	 0.924	 0.903	 0.906	 0.915	 0.903	 0.925	 0.890	 0.878	 0.946	 0.870	 0.898	 0.900
	p: 151	 0.016	 0.007	 0.000	 0.010	 0.003	 0.008	 0.000	 0.013	 0.005	 0.009	 0.007	 0.000	 0.008	 0.007
	p: 153	 0.051	 0.050	 0.022	 0.063	 0.033	 0.034	 0.065	 0.050	 0.038	 0.063	 0.021	 0.065	 0.045	 0.046
	p: 155	 0.010	 0.057	 0.033	 0.010	 0.016	 0.025	 0.016	 0.013	 0.033	 0.041	 0.005	 0.043	 0.024	 0.025
	p: 157	 0.026	 0.037	 0.022	 0.013	 0.042	 0.017	 0.016	 0.000	 0.033	 0.009	 0.021	 0.022	 0.026	 0.022
															

************************************************

	Gene diversity per locus and population : 
	Loc_1	 0.000	 0.000	 0.000	 0.000	 0.000	 0.000	 0.000	 0.000	 0.000	 0.000	 0.000	 0.000
	Loc_2	 0.824	 0.815	 0.796	 0.769	 0.793	 0.808	 0.789	 0.775	 0.806	 0.773	 0.801	 0.789
	Loc_3	 0.812	 0.821	 0.804	 0.833	 0.822	 0.840	 0.834	 0.841	 0.832	 0.845	 0.827	 0.817
	Loc_4	 0.760	 0.722	 0.724	 0.729	 0.763	 0.767	 0.779	 0.700	 0.749	 0.737	 0.739	 0.774
	Loc_5	 0.792	 0.793	 0.788	 0.803	 0.799	 0.774	 0.801	 0.807	 0.812	 0.800	 0.786	 0.782
	Loc_6	 0.810	 0.800	 0.778	 0.807	 0.790	 0.815	 0.850	 0.808	 0.763	 0.803	 0.773	 0.785
	Loc_7	 0.811	 0.808	 0.835	 0.794	 0.820	 0.839	 0.841	 0.796	 0.847	 0.830	 0.808	 0.838
	Loc_8	 0.216	 0.268	 0.000	 0.186	 0.124	 0.143	    NA	 0.172	    NA	 0.176	 0.095	 0.245
	Loc_9	 0.893	 0.886	 0.875	 0.843	 0.849	 0.888	 0.854	 0.858	 0.871	 0.857	 0.866	 0.863
	Loc_10	 0.702	 0.691	 0.746	 0.735	 0.710	 0.727	 0.726	 0.759	 0.673	 0.723	 0.734	 0.721
	Loc_11	 0.809	 0.800	 0.804	 0.798	 0.801	 0.776	 0.792	 0.812	 0.756	 0.779	 0.799	 0.785
	Loc_12	 0.769	 0.764	 0.791	 0.803	 0.779	 0.796	 0.805	 0.805	 0.797	 0.805	 0.812	 0.790
	Loc_13	 0.820	 0.800	 1.000	 0.794	 0.793	    NA	    NA	 0.811	    NA	 0.731	 0.786	 0.778
	Loc_14	 0.193	 0.273	 0.146	 0.180	 0.176	 0.161	 0.181	 0.143	 0.205	 0.224	 0.105	 0.239

************************************************

	number of alleles sampled : 
	Loc_1	     1	     1	     1	     1	     1	     1	     1	     1	     1	     1	     1	     1	    12
	Loc_2	     9	     8	     9	     6	     8	     7	     9	     6	     8	     8	     8	     9	    11
	Loc_3	     9	     9	     8	     9	    10	    10	    10	     9	     9	    11	    10	     7	    14
	Loc_4	     8	     8	     6	     8	    10	     5	     7	     5	     6	     7	     6	     7	    13
	Loc_5	     8	     7	     6	     9	     7	     5	     7	     7	     7	     8	     9	     7	     9
	Loc_6	    16	    17	    10	    15	    15	    10	    11	     9	    13	    12	    16	    14	    23
	Loc_7	     9	     9	     9	    10	    10	     9	     9	     7	     9	     9	    10	    10	    11
	Loc_8	     5	     4	     1	     7	     5	     2	    NA	     3	     1	     5	     9	     4	     9
	Loc_9	    20	    19	    13	    18	    17	    15	    14	    16	    15	    18	    19	    16	    23
	Loc_10	     6	     7	     5	     8	     6	     5	     7	     6	     6	     7	     8	     5	     9
	Loc_11	     7	     8	     7	     8	     8	     7	     8	     7	     7	     8	     8	     7	    10
	Loc_12	    10	    10	     9	    10	    10	     8	     8	     8	     9	     9	    10	     9	    11
	Loc_13	    12	    12	     5	    15	    11	     2	    NA	     8	    NA	    10	    16	    12	    20
	Loc_14	     5	     5	     4	     5	     5	     5	     4	     4	     5	     5	     5	     4	     5

************************************************

	Allelic Richness per locus and population
	Cannot calculate allelic richness.
	At least one locus in one sample has no genotyped individual.

************************************************

	Fis Per population : 
	Loc_1	    NA	    NA	    NA	    NA	    NA	    NA	    NA	    NA	    NA	    NA	    NA	    NA
	Loc_2	-0.005	-0.008	 0.072	-0.078	-0.008	-0.003	-0.022	-0.033	-0.077	-0.018	-0.018	-0.024
	Loc_3	-0.007	-0.019	-0.028	 0.027	 0.027	-0.029	-0.083	-0.041	-0.083	-0.047	 0.012	 0.043
	Loc_4	 0.034	 0.027	 0.009	 0.031	-0.019	-0.038	 0.068	 0.000	 0.061	 0.086	-0.009	 0.089
	Loc_5	-0.000	 0.062	 0.090	-0.032	 0.035	-0.072	 0.034	 0.009	 0.026	 0.110	 0.001	-0.033
	Loc_6	-0.031	 0.009	-0.062	-0.016	-0.004	 0.043	-0.024	-0.082	 0.021	-0.015	 0.054	-0.013
	Loc_7	-0.030	 0.005	 0.167	-0.026	-0.008	-0.010	 0.080	 0.033	 0.040	-0.001	 0.025	-0.041
	Loc_8	 0.011	 0.002	    NA	-0.014	 0.004	 0.000	    NA	-0.057	    NA	-0.060	 0.076	 0.125
	Loc_9	 0.069	 0.002	-0.018	 0.022	-0.022	-0.029	-0.077	 0.009	-0.034	-0.071	 0.044	-0.040
	Loc_10	 0.048	 0.008	-0.107	 0.042	 0.053	 0.067	-0.111	 0.011	-0.078	-0.005	-0.047	-0.102
	Loc_11	-0.005	-0.015	-0.055	 0.026	-0.018	 0.039	-0.018	 0.045	-0.003	 0.030	-0.065	 0.020
	Loc_12	 0.027	 0.035	-0.072	 0.003	-0.001	-0.044	-0.042	 0.100	 0.035	-0.047	 0.033	 0.091
	Loc_13	 0.015	 0.040	 0.333	-0.008	 0.042	    NA	    NA	-0.103	    NA	-0.003	 0.120	 0.036
	Loc_14	 0.012	-0.014	 0.257	 0.014	-0.046	-0.050	-0.070	-0.047	-0.018	-0.005	-0.004	 0.091

	All 	 0.010	 0.012	 0.042	-0.001	 0.005	-0.009	-0.020	-0.006	-0.009	-0.001	 0.015	 0.008
*********************************************************************************************************************************************************************************************
*   The following results were generated the 29/09/2022 at 14:46:16 with Fstat for windows, V2.9.4  (June. 2003) from file Microsat.adults.plus.unrelated.chicks.noLOCUS1.forstructure.dat. *
*********************************************************************************************************************************************************************************************
      		  pop1	  pop2	  pop3	  pop4	  pop5	  pop6	  pop7	  pop8	  pop9	 pop10	 pop11	 pop12	 All_W	All_UW
	    Locus: Loc_1
	     N	   274	   363	    46	   211	   319	    58	    62	    40	    91	   183	   348	    78
	p: 144	 0.015	 0.030	 0.011	 0.000	 0.011	 0.026	 0.008	 0.000	 0.022	 0.003	 0.010	 0.013	 0.014	 0.012
	p: 148	 0.068	 0.037	 0.043	 0.028	 0.034	 0.000	 0.048	 0.000	 0.033	 0.008	 0.013	 0.045	 0.032	 0.030
	p: 152	 0.162	 0.167	 0.120	 0.149	 0.208	 0.216	 0.145	 0.225	 0.187	 0.251	 0.154	 0.103	 0.175	 0.174
	p: 156	 0.175	 0.233	 0.217	 0.232	 0.125	 0.241	 0.298	 0.250	 0.242	 0.230	 0.177	 0.263	 0.203	 0.224
	p: 160	 0.265	 0.226	 0.348	 0.294	 0.320	 0.216	 0.282	 0.213	 0.220	 0.268	 0.264	 0.314	 0.269	 0.269
	p: 164	 0.170	 0.200	 0.152	 0.261	 0.183	 0.198	 0.153	 0.275	 0.225	 0.199	 0.234	 0.179	 0.205	 0.203
	p: 168	 0.128	 0.106	 0.065	 0.036	 0.108	 0.086	 0.032	 0.025	 0.066	 0.038	 0.141	 0.058	 0.093	 0.074
	p: 172	 0.016	 0.000	 0.033	 0.000	 0.009	 0.017	 0.024	 0.013	 0.005	 0.003	 0.007	 0.019	 0.008	 0.012
	p: 176	 0.002	 0.000	 0.000	 0.000	 0.000	 0.000	 0.000	 0.000	 0.000	 0.000	 0.000	 0.000	 0.000	 0.000
	p: 180	 0.000	 0.001	 0.011	 0.000	 0.000	 0.000	 0.000	 0.000	 0.000	 0.000	 0.000	 0.006	 0.001	 0.002
	p: 198	 0.000	 0.000	 0.000	 0.000	 0.000	 0.000	 0.008	 0.000	 0.000	 0.000	 0.000	 0.000	 0.000	 0.001
															

	    Locus: Loc_2
	     N	   274	   363	    46	   211	   320	    59	    62	    40	    91	   182	   349	    78
	p: 140	 0.000	 0.000	 0.000	 0.000	 0.000	 0.008	 0.000	 0.000	 0.000	 0.003	 0.000	 0.000	 0.000	 0.001
	p: 144	 0.011	 0.006	 0.043	 0.043	 0.003	 0.008	 0.008	 0.038	 0.033	 0.047	 0.023	 0.000	 0.019	 0.022
	p: 148	 0.033	 0.047	 0.054	 0.028	 0.022	 0.017	 0.073	 0.075	 0.044	 0.027	 0.032	 0.071	 0.036	 0.044
	p: 152	 0.150	 0.103	 0.087	 0.206	 0.153	 0.144	 0.194	 0.200	 0.132	 0.179	 0.120	 0.128	 0.145	 0.150
	p: 156	 0.257	 0.281	 0.207	 0.218	 0.264	 0.246	 0.218	 0.275	 0.291	 0.201	 0.222	 0.250	 0.247	 0.244
	p: 160	 0.206	 0.172	 0.337	 0.149	 0.197	 0.153	 0.210	 0.100	 0.192	 0.162	 0.196	 0.250	 0.188	 0.194
	p: 164	 0.208	 0.178	 0.098	 0.201	 0.170	 0.212	 0.145	 0.150	 0.115	 0.179	 0.242	 0.135	 0.187	 0.169
	p: 168	 0.117	 0.154	 0.163	 0.111	 0.123	 0.110	 0.129	 0.113	 0.115	 0.151	 0.095	 0.154	 0.126	 0.128
	p: 172	 0.011	 0.052	 0.000	 0.038	 0.052	 0.051	 0.008	 0.038	 0.055	 0.033	 0.056	 0.013	 0.040	 0.034
	p: 176	 0.007	 0.007	 0.011	 0.005	 0.011	 0.051	 0.000	 0.013	 0.022	 0.016	 0.013	 0.000	 0.011	 0.013
	p: 180	 0.000	 0.000	 0.000	 0.000	 0.005	 0.000	 0.000	 0.000	 0.000	 0.000	 0.001	 0.000	 0.001	 0.001
	p: 184	 0.000	 0.000	 0.000	 0.000	 0.000	 0.000	 0.000	 0.000	 0.000	 0.003	 0.000	 0.000	 0.000	 0.000
	p: 188	 0.000	 0.000	 0.000	 0.000	 0.000	 0.000	 0.008	 0.000	 0.000	 0.000	 0.000	 0.000	 0.000	 0.001
	p: 192	 0.000	 0.000	 0.000	 0.000	 0.000	 0.000	 0.008	 0.000	 0.000	 0.000	 0.000	 0.000	 0.000	 0.001
															

	    Locus: Loc_3
	     N	   274	   363	    46	   211	   319	    59	    62	    40	    91	   184	   350	    78
	p: 169	 0.000	 0.019	 0.000	 0.007	 0.005	 0.000	 0.000	 0.000	 0.000	 0.019	 0.000	 0.000	 0.006	 0.004
	p: 173	 0.000	 0.003	 0.000	 0.000	 0.002	 0.000	 0.000	 0.000	 0.000	 0.000	 0.000	 0.000	 0.001	 0.000
	p: 177	 0.005	 0.000	 0.000	 0.000	 0.000	 0.000	 0.024	 0.000	 0.000	 0.000	 0.000	 0.000	 0.001	 0.002
	p: 181	 0.137	 0.074	 0.033	 0.088	 0.089	 0.110	 0.137	 0.063	 0.060	 0.076	 0.093	 0.128	 0.093	 0.091
	p: 185	 0.312	 0.227	 0.239	 0.223	 0.238	 0.203	 0.161	 0.238	 0.214	 0.329	 0.253	 0.154	 0.247	 0.233
	p: 189	 0.305	 0.435	 0.424	 0.434	 0.350	 0.339	 0.371	 0.463	 0.379	 0.359	 0.397	 0.372	 0.382	 0.386
	p: 193	 0.166	 0.168	 0.109	 0.133	 0.196	 0.246	 0.145	 0.175	 0.214	 0.120	 0.143	 0.212	 0.164	 0.169
	p: 197	 0.071	 0.063	 0.185	 0.100	 0.114	 0.102	 0.153	 0.063	 0.126	 0.087	 0.104	 0.077	 0.095	 0.104
	p: 201	 0.002	 0.010	 0.011	 0.014	 0.003	 0.000	 0.008	 0.000	 0.005	 0.011	 0.010	 0.051	 0.009	 0.010
	p: 205	 0.002	 0.000	 0.000	 0.002	 0.000	 0.000	 0.000	 0.000	 0.000	 0.000	 0.000	 0.000	 0.000	 0.000
	p: 209	 0.000	 0.000	 0.000	 0.000	 0.002	 0.000	 0.000	 0.000	 0.000	 0.000	 0.000	 0.000	 0.000	 0.000
	p: 217	 0.000	 0.000	 0.000	 0.000	 0.002	 0.000	 0.000	 0.000	 0.000	 0.000	 0.000	 0.000	 0.000	 0.000
	p: 221	 0.000	 0.000	 0.000	 0.000	 0.000	 0.000	 0.000	 0.000	 0.000	 0.000	 0.000	 0.006	 0.000	 0.001
															

	    Locus: Loc_4
	     N	   274	   363	    46	   211	   319	    59	    62	    40	    91	   184	   350	    78
	p: 161	 0.002	 0.001	 0.000	 0.021	 0.008	 0.000	 0.024	 0.013	 0.038	 0.008	 0.007	 0.006	 0.009	 0.011
	p: 165	 0.266	 0.117	 0.087	 0.187	 0.216	 0.297	 0.161	 0.225	 0.231	 0.144	 0.184	 0.090	 0.185	 0.184
	p: 169	 0.170	 0.255	 0.348	 0.230	 0.270	 0.161	 0.274	 0.250	 0.209	 0.261	 0.273	 0.250	 0.245	 0.246
	p: 173	 0.214	 0.273	 0.130	 0.166	 0.166	 0.220	 0.161	 0.175	 0.236	 0.253	 0.126	 0.308	 0.201	 0.202
	p: 177	 0.243	 0.211	 0.185	 0.265	 0.185	 0.254	 0.258	 0.225	 0.165	 0.204	 0.284	 0.199	 0.228	 0.223
	p: 181	 0.069	 0.081	 0.196	 0.109	 0.143	 0.068	 0.105	 0.088	 0.104	 0.063	 0.094	 0.135	 0.098	 0.104
	p: 185	 0.022	 0.062	 0.054	 0.012	 0.013	 0.000	 0.016	 0.025	 0.016	 0.065	 0.026	 0.013	 0.030	 0.027
	p: 189	 0.000	 0.000	 0.000	 0.002	 0.000	 0.000	 0.000	 0.000	 0.000	 0.000	 0.001	 0.000	 0.000	 0.000
	p: 193	 0.015	 0.000	 0.000	 0.007	 0.000	 0.000	 0.000	 0.000	 0.000	 0.003	 0.004	 0.000	 0.004	 0.002
															

	    Locus: Loc_5
	     N	   274	   363	    46	   211	   319	    59	    62	    40	    91	   184	   350	    78
	p: 187	 0.000	 0.001	 0.000	 0.000	 0.000	 0.000	 0.000	 0.000	 0.000	 0.000	 0.000	 0.000	 0.000	 0.000
	p: 191	 0.018	 0.019	 0.000	 0.024	 0.017	 0.008	 0.032	 0.025	 0.000	 0.014	 0.003	 0.006	 0.014	 0.014
	p: 195	 0.102	 0.117	 0.033	 0.088	 0.110	 0.085	 0.105	 0.100	 0.033	 0.122	 0.081	 0.058	 0.096	 0.086
	p: 199	 0.255	 0.277	 0.380	 0.263	 0.334	 0.322	 0.266	 0.288	 0.418	 0.291	 0.293	 0.256	 0.294	 0.304
	p: 203	 0.263	 0.282	 0.163	 0.280	 0.237	 0.220	 0.177	 0.238	 0.165	 0.277	 0.344	 0.327	 0.271	 0.248
	p: 207	 0.203	 0.158	 0.217	 0.185	 0.165	 0.136	 0.169	 0.213	 0.159	 0.114	 0.109	 0.199	 0.159	 0.169
	p: 211	 0.047	 0.063	 0.076	 0.047	 0.038	 0.085	 0.056	 0.063	 0.093	 0.084	 0.046	 0.051	 0.056	 0.063
	p: 215	 0.042	 0.022	 0.043	 0.036	 0.049	 0.076	 0.065	 0.038	 0.033	 0.041	 0.046	 0.026	 0.040	 0.043
	p: 219	 0.002	 0.003	 0.000	 0.002	 0.005	 0.000	 0.000	 0.000	 0.005	 0.003	 0.001	 0.000	 0.002	 0.002
	p: 223	 0.000	 0.001	 0.000	 0.002	 0.000	 0.000	 0.000	 0.000	 0.000	 0.000	 0.000	 0.000	 0.000	 0.000
	p: 263	 0.000	 0.000	 0.000	 0.000	 0.000	 0.000	 0.000	 0.000	 0.000	 0.000	 0.000	 0.006	 0.000	 0.001
	p: 267	 0.000	 0.008	 0.011	 0.000	 0.000	 0.000	 0.000	 0.000	 0.000	 0.003	 0.000	 0.006	 0.002	 0.002
	p: 271	 0.004	 0.000	 0.000	 0.000	 0.000	 0.000	 0.000	 0.000	 0.000	 0.000	 0.000	 0.000	 0.000	 0.000
	p: 275	 0.020	 0.007	 0.011	 0.017	 0.008	 0.017	 0.000	 0.000	 0.005	 0.027	 0.009	 0.006	 0.012	 0.011
	p: 279	 0.009	 0.021	 0.000	 0.009	 0.013	 0.000	 0.032	 0.013	 0.016	 0.014	 0.016	 0.000	 0.013	 0.012
	p: 280	 0.000	 0.010	 0.000	 0.000	 0.000	 0.000	 0.000	 0.000	 0.000	 0.000	 0.006	 0.000	 0.003	 0.001
	p: 283	 0.013	 0.001	 0.043	 0.038	 0.014	 0.025	 0.065	 0.025	 0.011	 0.011	 0.020	 0.013	 0.017	 0.023
	p: 284	 0.002	 0.000	 0.000	 0.000	 0.000	 0.000	 0.000	 0.000	 0.000	 0.000	 0.004	 0.006	 0.001	 0.001
	p: 287	 0.009	 0.004	 0.022	 0.002	 0.006	 0.025	 0.024	 0.000	 0.049	 0.000	 0.013	 0.032	 0.011	 0.016
	p: 288	 0.000	 0.000	 0.000	 0.000	 0.002	 0.000	 0.000	 0.000	 0.000	 0.000	 0.004	 0.000	 0.001	 0.000
	p: 291	 0.009	 0.004	 0.000	 0.005	 0.000	 0.000	 0.008	 0.000	 0.005	 0.000	 0.006	 0.006	 0.004	 0.004
	p: 295	 0.002	 0.000	 0.000	 0.002	 0.003	 0.000	 0.000	 0.000	 0.005	 0.000	 0.000	 0.000	 0.001	 0.001
	p: 299	 0.000	 0.000	 0.000	 0.000	 0.002	 0.000	 0.000	 0.000	 0.000	 0.000	 0.000	 0.000	 0.000	 0.000
															

	    Locus: Loc_6
	     N	   274	   363	    46	   211	   317	    59	    62	    39	    91	   184	   348	    78
	p: 218	 0.000	 0.000	 0.000	 0.002	 0.013	 0.000	 0.000	 0.000	 0.000	 0.008	 0.000	 0.006	 0.003	 0.002
	p: 222	 0.000	 0.000	 0.000	 0.000	 0.000	 0.000	 0.016	 0.000	 0.000	 0.000	 0.003	 0.000	 0.001	 0.002
	p: 226	 0.005	 0.001	 0.054	 0.007	 0.011	 0.017	 0.032	 0.000	 0.005	 0.000	 0.001	 0.032	 0.008	 0.014
	p: 230	 0.046	 0.080	 0.054	 0.047	 0.021	 0.042	 0.056	 0.038	 0.060	 0.035	 0.026	 0.038	 0.044	 0.045
	p: 234	 0.031	 0.062	 0.087	 0.078	 0.109	 0.136	 0.113	 0.077	 0.148	 0.147	 0.112	 0.122	 0.093	 0.102
	p: 238	 0.288	 0.233	 0.283	 0.315	 0.192	 0.203	 0.202	 0.256	 0.247	 0.217	 0.263	 0.205	 0.245	 0.242
	p: 242	 0.188	 0.287	 0.196	 0.256	 0.276	 0.195	 0.274	 0.282	 0.181	 0.258	 0.254	 0.263	 0.250	 0.242
	p: 246	 0.193	 0.175	 0.141	 0.109	 0.156	 0.195	 0.129	 0.231	 0.115	 0.117	 0.151	 0.167	 0.155	 0.157
	p: 250	 0.162	 0.121	 0.152	 0.147	 0.172	 0.169	 0.105	 0.090	 0.121	 0.130	 0.151	 0.077	 0.142	 0.133
	p: 254	 0.069	 0.032	 0.011	 0.014	 0.033	 0.034	 0.073	 0.026	 0.099	 0.024	 0.023	 0.071	 0.038	 0.042
	p: 258	 0.016	 0.010	 0.022	 0.024	 0.017	 0.008	 0.000	 0.000	 0.022	 0.063	 0.016	 0.019	 0.020	 0.018
															

	    Locus: Loc_7
	     N	   103	   198	     4	    90	   170	     7	     0	    22	     1	    86	   204	    56
	p: 149	 0.883	 0.851	 1.000	 0.900	 0.935	 0.929	    NA	 0.909	 1.000	 0.907	 0.951	 0.866	 0.905	 0.921
	p: 151	 0.024	 0.000	 0.000	 0.006	 0.003	 0.000	    NA	 0.000	 0.000	 0.017	 0.010	 0.000	 0.007	 0.005
	p: 153	 0.049	 0.051	 0.000	 0.067	 0.015	 0.000	    NA	 0.068	 0.000	 0.041	 0.012	 0.071	 0.037	 0.034
	p: 155	 0.005	 0.068	 0.000	 0.006	 0.012	 0.071	    NA	 0.023	 0.000	 0.029	 0.005	 0.045	 0.025	 0.024
	p: 157	 0.039	 0.030	 0.000	 0.011	 0.035	 0.000	    NA	 0.000	 0.000	 0.006	 0.012	 0.018	 0.022	 0.014
	p: 182	 0.000	 0.000	 0.000	 0.000	 0.000	 0.000	    NA	 0.000	 0.000	 0.000	 0.002	 0.000	 0.001	 0.000
	p: 186	 0.000	 0.000	 0.000	 0.006	 0.000	 0.000	    NA	 0.000	 0.000	 0.000	 0.002	 0.000	 0.001	 0.001
	p: 194	 0.000	 0.000	 0.000	 0.006	 0.000	 0.000	    NA	 0.000	 0.000	 0.000	 0.002	 0.000	 0.001	 0.001
	p: 198	 0.000	 0.000	 0.000	 0.000	 0.000	 0.000	    NA	 0.000	 0.000	 0.000	 0.002	 0.000	 0.001	 0.000
															

	    Locus: Loc_8
	     N	   273	   363	    46	   211	   317	    58	    62	    40	    91	   183	   349	    78
	p: 128	 0.108	 0.101	 0.087	 0.149	 0.109	 0.086	 0.056	 0.050	 0.055	 0.101	 0.113	 0.090	 0.105	 0.092
	p: 130	 0.002	 0.007	 0.000	 0.007	 0.000	 0.000	 0.008	 0.013	 0.000	 0.005	 0.009	 0.000	 0.005	 0.004
	p: 132	 0.000	 0.000	 0.000	 0.000	 0.000	 0.000	 0.016	 0.000	 0.000	 0.000	 0.000	 0.000	 0.000	 0.001
	p: 134	 0.075	 0.125	 0.076	 0.057	 0.096	 0.069	 0.105	 0.088	 0.088	 0.096	 0.072	 0.103	 0.089	 0.087
	p: 136	 0.035	 0.065	 0.109	 0.066	 0.044	 0.112	 0.065	 0.075	 0.110	 0.071	 0.056	 0.122	 0.063	 0.077
	p: 138	 0.106	 0.059	 0.109	 0.081	 0.025	 0.009	 0.089	 0.100	 0.038	 0.093	 0.079	 0.064	 0.069	 0.071
	p: 140	 0.015	 0.052	 0.033	 0.026	 0.043	 0.034	 0.024	 0.025	 0.049	 0.025	 0.017	 0.006	 0.031	 0.029
	p: 142	 0.062	 0.045	 0.033	 0.045	 0.101	 0.052	 0.065	 0.100	 0.077	 0.033	 0.064	 0.032	 0.061	 0.059
	p: 144	 0.033	 0.044	 0.022	 0.012	 0.033	 0.060	 0.000	 0.038	 0.049	 0.038	 0.057	 0.006	 0.037	 0.033
	p: 146	 0.225	 0.244	 0.272	 0.332	 0.322	 0.241	 0.323	 0.325	 0.291	 0.314	 0.299	 0.288	 0.286	 0.290
	p: 148	 0.081	 0.054	 0.120	 0.040	 0.080	 0.060	 0.073	 0.013	 0.093	 0.057	 0.044	 0.064	 0.062	 0.065
	p: 150	 0.081	 0.088	 0.033	 0.055	 0.025	 0.009	 0.040	 0.088	 0.033	 0.049	 0.046	 0.026	 0.054	 0.048
	p: 152	 0.092	 0.065	 0.065	 0.066	 0.066	 0.129	 0.097	 0.013	 0.049	 0.055	 0.072	 0.115	 0.072	 0.074
	p: 154	 0.005	 0.006	 0.033	 0.017	 0.002	 0.009	 0.000	 0.025	 0.022	 0.036	 0.024	 0.000	 0.013	 0.015
	p: 156	 0.009	 0.008	 0.000	 0.005	 0.016	 0.009	 0.000	 0.000	 0.011	 0.003	 0.003	 0.038	 0.008	 0.008
	p: 158	 0.020	 0.006	 0.011	 0.009	 0.008	 0.000	 0.024	 0.013	 0.027	 0.005	 0.020	 0.006	 0.012	 0.012
	p: 160	 0.024	 0.008	 0.000	 0.007	 0.024	 0.086	 0.000	 0.000	 0.005	 0.014	 0.009	 0.026	 0.015	 0.017
	p: 162	 0.002	 0.001	 0.000	 0.019	 0.000	 0.000	 0.000	 0.025	 0.000	 0.003	 0.001	 0.000	 0.003	 0.004
	p: 164	 0.013	 0.011	 0.000	 0.000	 0.000	 0.000	 0.000	 0.000	 0.000	 0.000	 0.001	 0.000	 0.004	 0.002
	p: 166	 0.000	 0.000	 0.000	 0.000	 0.002	 0.000	 0.000	 0.000	 0.000	 0.000	 0.000	 0.000	 0.000	 0.000
	p: 168	 0.009	 0.011	 0.000	 0.007	 0.005	 0.034	 0.016	 0.013	 0.000	 0.003	 0.013	 0.006	 0.009	 0.010
	p: 170	 0.004	 0.000	 0.000	 0.000	 0.000	 0.000	 0.000	 0.000	 0.000	 0.000	 0.000	 0.000	 0.000	 0.000
	p: 172	 0.000	 0.000	 0.000	 0.000	 0.000	 0.000	 0.000	 0.000	 0.000	 0.000	 0.000	 0.006	 0.000	 0.001
															

	    Locus: Loc_9
	     N	   274	   362	    46	   210	   320	    59	    62	    40	    91	   183	   350	    78
	p: 174	 0.000	 0.000	 0.000	 0.002	 0.000	 0.000	 0.000	 0.000	 0.000	 0.000	 0.001	 0.000	 0.000	 0.000
	p: 180	 0.224	 0.163	 0.293	 0.171	 0.228	 0.237	 0.185	 0.250	 0.187	 0.303	 0.246	 0.192	 0.218	 0.223
	p: 182	 0.120	 0.133	 0.163	 0.129	 0.100	 0.127	 0.105	 0.150	 0.203	 0.112	 0.103	 0.147	 0.122	 0.133
	p: 184	 0.203	 0.169	 0.185	 0.248	 0.220	 0.220	 0.202	 0.275	 0.099	 0.142	 0.263	 0.179	 0.205	 0.200
	p: 186	 0.440	 0.486	 0.337	 0.398	 0.425	 0.398	 0.435	 0.300	 0.495	 0.391	 0.356	 0.436	 0.419	 0.408
	p: 188	 0.004	 0.001	 0.000	 0.021	 0.000	 0.000	 0.000	 0.013	 0.000	 0.025	 0.014	 0.000	 0.008	 0.006
	p: 192	 0.009	 0.035	 0.022	 0.024	 0.006	 0.000	 0.056	 0.013	 0.011	 0.022	 0.014	 0.045	 0.020	 0.021
	p: 194	 0.000	 0.014	 0.000	 0.007	 0.020	 0.017	 0.008	 0.000	 0.005	 0.005	 0.003	 0.000	 0.008	 0.007
	p: 200	 0.000	 0.000	 0.000	 0.000	 0.000	 0.000	 0.008	 0.000	 0.000	 0.000	 0.000	 0.000	 0.000	 0.001
															

	    Locus: Loc_10
	     N	   273	   363	    46	   211	   320	    59	    62	    40	    91	   184	   350	    78
	p: 144	 0.000	 0.000	 0.000	 0.000	 0.000	 0.000	 0.016	 0.000	 0.000	 0.000	 0.000	 0.000	 0.000	 0.001
	p: 148	 0.000	 0.001	 0.000	 0.000	 0.000	 0.000	 0.000	 0.000	 0.000	 0.000	 0.000	 0.000	 0.000	 0.000
	p: 152	 0.011	 0.054	 0.022	 0.019	 0.014	 0.008	 0.016	 0.013	 0.011	 0.019	 0.023	 0.013	 0.023	 0.019
	p: 156	 0.168	 0.161	 0.109	 0.211	 0.145	 0.110	 0.137	 0.213	 0.110	 0.182	 0.157	 0.103	 0.159	 0.150
	p: 160	 0.240	 0.230	 0.228	 0.180	 0.267	 0.220	 0.194	 0.250	 0.203	 0.272	 0.196	 0.231	 0.228	 0.226
	p: 164	 0.218	 0.230	 0.239	 0.227	 0.258	 0.288	 0.315	 0.188	 0.236	 0.280	 0.233	 0.288	 0.243	 0.250
	p: 168	 0.170	 0.252	 0.261	 0.265	 0.178	 0.288	 0.234	 0.213	 0.368	 0.188	 0.277	 0.244	 0.234	 0.245
	p: 172	 0.170	 0.036	 0.120	 0.059	 0.084	 0.059	 0.048	 0.100	 0.055	 0.046	 0.081	 0.115	 0.080	 0.081
	p: 176	 0.022	 0.036	 0.022	 0.036	 0.048	 0.025	 0.040	 0.025	 0.016	 0.008	 0.017	 0.006	 0.028	 0.025
	p: 180	 0.000	 0.000	 0.000	 0.002	 0.005	 0.000	 0.000	 0.000	 0.000	 0.005	 0.016	 0.000	 0.004	 0.002
															

	    Locus: Loc_11
	     N	   274	   362	    46	   211	   319	    59	    62	    40	    91	   184	   349	    78
	p: 149	 0.005	 0.003	 0.000	 0.005	 0.003	 0.000	 0.000	 0.013	 0.000	 0.005	 0.006	 0.000	 0.004	 0.003
	p: 153	 0.013	 0.003	 0.000	 0.002	 0.027	 0.017	 0.000	 0.000	 0.011	 0.000	 0.006	 0.006	 0.009	 0.007
	p: 157	 0.018	 0.046	 0.087	 0.031	 0.041	 0.042	 0.065	 0.038	 0.016	 0.041	 0.047	 0.077	 0.041	 0.046
	p: 161	 0.109	 0.083	 0.054	 0.135	 0.088	 0.110	 0.065	 0.100	 0.099	 0.120	 0.119	 0.071	 0.102	 0.096
	p: 165	 0.307	 0.269	 0.315	 0.254	 0.317	 0.271	 0.250	 0.238	 0.302	 0.226	 0.242	 0.340	 0.275	 0.277
	p: 169	 0.301	 0.359	 0.283	 0.284	 0.292	 0.314	 0.323	 0.250	 0.286	 0.304	 0.269	 0.256	 0.300	 0.293
	p: 173	 0.179	 0.151	 0.152	 0.154	 0.139	 0.136	 0.105	 0.263	 0.121	 0.155	 0.169	 0.096	 0.153	 0.152
	p: 177	 0.058	 0.057	 0.054	 0.100	 0.083	 0.068	 0.097	 0.075	 0.071	 0.114	 0.112	 0.115	 0.084	 0.084
	p: 181	 0.004	 0.026	 0.022	 0.021	 0.009	 0.042	 0.073	 0.000	 0.044	 0.024	 0.016	 0.013	 0.020	 0.025
	p: 185	 0.005	 0.004	 0.022	 0.014	 0.002	 0.000	 0.024	 0.025	 0.049	 0.011	 0.014	 0.026	 0.011	 0.016
	p: 189	 0.000	 0.000	 0.011	 0.000	 0.000	 0.000	 0.000	 0.000	 0.000	 0.000	 0.000	 0.000	 0.000	 0.001
															

	    Locus: Loc_12
	     N	    78	   134	     3	    60	   125	     1	     0	    19	     0	    45	   175	    48
	p: 121	 0.006	 0.015	 0.000	 0.008	 0.024	 0.500	    NA	 0.053	    NA	 0.022	 0.003	 0.010	 0.014	 0.064
	p: 125	 0.128	 0.082	 0.000	 0.075	 0.112	 0.000	    NA	 0.132	    NA	 0.100	 0.077	 0.052	 0.091	 0.076
	p: 129	 0.205	 0.276	 0.167	 0.242	 0.344	 0.000	    NA	 0.342	    NA	 0.433	 0.309	 0.313	 0.299	 0.263
	p: 133	 0.288	 0.272	 0.167	 0.325	 0.204	 0.000	    NA	 0.079	    NA	 0.267	 0.317	 0.313	 0.274	 0.223
	p: 137	 0.186	 0.194	 0.333	 0.200	 0.176	 0.500	    NA	 0.237	    NA	 0.044	 0.089	 0.167	 0.154	 0.213
	p: 141	 0.064	 0.060	 0.000	 0.017	 0.044	 0.000	    NA	 0.053	    NA	 0.056	 0.037	 0.042	 0.046	 0.037
	p: 145	 0.058	 0.015	 0.000	 0.033	 0.060	 0.000	    NA	 0.053	    NA	 0.044	 0.054	 0.010	 0.042	 0.033
	p: 149	 0.006	 0.004	 0.000	 0.008	 0.008	 0.000	    NA	 0.000	    NA	 0.000	 0.003	 0.000	 0.004	 0.003
	p: 153	 0.000	 0.000	 0.000	 0.008	 0.000	 0.000	    NA	 0.000	    NA	 0.000	 0.000	 0.000	 0.001	 0.001
	p: 161	 0.000	 0.000	 0.000	 0.000	 0.000	 0.000	    NA	 0.000	    NA	 0.000	 0.003	 0.000	 0.001	 0.000
	p: 165	 0.000	 0.000	 0.000	 0.008	 0.000	 0.000	    NA	 0.000	    NA	 0.000	 0.006	 0.000	 0.002	 0.001
	p: 169	 0.000	 0.000	 0.000	 0.008	 0.000	 0.000	    NA	 0.000	    NA	 0.000	 0.003	 0.000	 0.001	 0.001
	p: 195	 0.000	 0.000	 0.000	 0.000	 0.000	 0.000	    NA	 0.000	    NA	 0.000	 0.000	 0.010	 0.001	 0.001
	p: 199	 0.000	 0.007	 0.167	 0.000	 0.000	 0.000	    NA	 0.000	    NA	 0.000	 0.000	 0.010	 0.003	 0.018
	p: 203	 0.013	 0.000	 0.000	 0.000	 0.000	 0.000	    NA	 0.000	    NA	 0.000	 0.000	 0.000	 0.001	 0.001
	p: 207	 0.032	 0.011	 0.167	 0.008	 0.004	 0.000	    NA	 0.000	    NA	 0.011	 0.009	 0.000	 0.011	 0.024
	p: 211	 0.006	 0.060	 0.000	 0.008	 0.016	 0.000	    NA	 0.000	    NA	 0.011	 0.026	 0.000	 0.023	 0.013
	p: 215	 0.006	 0.000	 0.000	 0.033	 0.008	 0.000	    NA	 0.053	    NA	 0.011	 0.034	 0.031	 0.018	 0.018
	p: 219	 0.000	 0.004	 0.000	 0.000	 0.000	 0.000	    NA	 0.000	    NA	 0.000	 0.026	 0.031	 0.009	 0.006
	p: 223	 0.000	 0.000	 0.000	 0.017	 0.000	 0.000	    NA	 0.000	    NA	 0.000	 0.006	 0.010	 0.004	 0.003
															

	    Locus: Loc_13
	     N	   247	   307	    46	   191	   288	    59	    62	    40	    91	   160	   304	    69
	p: 149	 0.897	 0.849	 0.924	 0.903	 0.906	 0.915	 0.903	 0.925	 0.890	 0.878	 0.946	 0.870	 0.898	 0.900
	p: 151	 0.016	 0.007	 0.000	 0.010	 0.003	 0.008	 0.000	 0.013	 0.005	 0.009	 0.007	 0.000	 0.008	 0.007
	p: 153	 0.051	 0.050	 0.022	 0.063	 0.033	 0.034	 0.065	 0.050	 0.038	 0.063	 0.021	 0.065	 0.045	 0.046
	p: 155	 0.010	 0.057	 0.033	 0.010	 0.016	 0.025	 0.016	 0.013	 0.033	 0.041	 0.005	 0.043	 0.024	 0.025
	p: 157	 0.026	 0.037	 0.022	 0.013	 0.042	 0.017	 0.016	 0.000	 0.033	 0.009	 0.021	 0.022	 0.026	 0.022
															

************************************************

	Gene diversity per locus and population : 
	Loc_1	 0.824	 0.815	 0.796	 0.769	 0.793	 0.808	 0.789	 0.775	 0.806	 0.773	 0.801	 0.789
	Loc_2	 0.812	 0.821	 0.804	 0.833	 0.822	 0.840	 0.834	 0.841	 0.832	 0.845	 0.827	 0.817
	Loc_3	 0.760	 0.722	 0.724	 0.729	 0.763	 0.767	 0.779	 0.700	 0.749	 0.737	 0.739	 0.774
	Loc_4	 0.792	 0.793	 0.788	 0.803	 0.799	 0.774	 0.801	 0.807	 0.812	 0.800	 0.786	 0.782
	Loc_5	 0.810	 0.800	 0.778	 0.807	 0.790	 0.815	 0.850	 0.808	 0.763	 0.803	 0.773	 0.785
	Loc_6	 0.811	 0.808	 0.835	 0.794	 0.820	 0.839	 0.841	 0.796	 0.847	 0.830	 0.808	 0.838
	Loc_7	 0.216	 0.268	 0.000	 0.186	 0.124	 0.143	    NA	 0.172	    NA	 0.176	 0.095	 0.245
	Loc_8	 0.893	 0.886	 0.875	 0.843	 0.849	 0.888	 0.854	 0.858	 0.871	 0.857	 0.866	 0.863
	Loc_9	 0.702	 0.691	 0.746	 0.735	 0.710	 0.727	 0.726	 0.759	 0.673	 0.723	 0.734	 0.721
	Loc_10	 0.809	 0.800	 0.804	 0.798	 0.801	 0.776	 0.792	 0.812	 0.756	 0.779	 0.799	 0.785
	Loc_11	 0.769	 0.764	 0.791	 0.803	 0.779	 0.796	 0.805	 0.805	 0.797	 0.805	 0.812	 0.790
	Loc_12	 0.820	 0.800	 1.000	 0.794	 0.793	    NA	    NA	 0.811	    NA	 0.731	 0.786	 0.778
	Loc_13	 0.193	 0.273	 0.146	 0.180	 0.176	 0.161	 0.181	 0.143	 0.205	 0.224	 0.105	 0.239

************************************************

	number of alleles sampled : 
	Loc_1	     9	     8	     9	     6	     8	     7	     9	     6	     8	     8	     8	     9	    11
	Loc_2	     9	     9	     8	     9	    10	    10	    10	     9	     9	    11	    10	     7	    14
	Loc_3	     8	     8	     6	     8	    10	     5	     7	     5	     6	     7	     6	     7	    13
	Loc_4	     8	     7	     6	     9	     7	     5	     7	     7	     7	     8	     9	     7	     9
	Loc_5	    16	    17	    10	    15	    15	    10	    11	     9	    13	    12	    16	    14	    23
	Loc_6	     9	     9	     9	    10	    10	     9	     9	     7	     9	     9	    10	    10	    11
	Loc_7	     5	     4	     1	     7	     5	     2	    NA	     3	     1	     5	     9	     4	     9
	Loc_8	    20	    19	    13	    18	    17	    15	    14	    16	    15	    18	    19	    16	    23
	Loc_9	     6	     7	     5	     8	     6	     5	     7	     6	     6	     7	     8	     5	     9
	Loc_10	     7	     8	     7	     8	     8	     7	     8	     7	     7	     8	     8	     7	    10
	Loc_11	    10	    10	     9	    10	    10	     8	     8	     8	     9	     9	    10	     9	    11
	Loc_12	    12	    12	     5	    15	    11	     2	    NA	     8	    NA	    10	    16	    12	    20
	Loc_13	     5	     5	     4	     5	     5	     5	     4	     4	     5	     5	     5	     4	     5

************************************************

	Allelic Richness per locus and population
	Cannot calculate allelic richness.
	At least one locus in one sample has no genotyped individual.

************************************************

	Fis Per population : 
	Loc_1	-0.005	-0.008	 0.072	-0.078	-0.008	-0.003	-0.022	-0.033	-0.077	-0.018	-0.018	-0.024
	Loc_2	-0.007	-0.019	-0.028	 0.027	 0.027	-0.029	-0.083	-0.041	-0.083	-0.047	 0.012	 0.043
	Loc_3	 0.034	 0.027	 0.009	 0.031	-0.019	-0.038	 0.068	 0.000	 0.061	 0.086	-0.009	 0.089
	Loc_4	-0.000	 0.062	 0.090	-0.032	 0.035	-0.072	 0.034	 0.009	 0.026	 0.110	 0.001	-0.033
	Loc_5	-0.031	 0.009	-0.062	-0.016	-0.004	 0.043	-0.024	-0.082	 0.021	-0.015	 0.054	-0.013
	Loc_6	-0.030	 0.005	 0.167	-0.026	-0.008	-0.010	 0.080	 0.033	 0.040	-0.001	 0.025	-0.041
	Loc_7	 0.011	 0.002	    NA	-0.014	 0.004	 0.000	    NA	-0.057	    NA	-0.060	 0.076	 0.125
	Loc_8	 0.069	 0.002	-0.018	 0.022	-0.022	-0.029	-0.077	 0.009	-0.034	-0.071	 0.044	-0.040
	Loc_9	 0.048	 0.008	-0.107	 0.042	 0.053	 0.067	-0.111	 0.011	-0.078	-0.005	-0.047	-0.102
	Loc_10	-0.005	-0.015	-0.055	 0.026	-0.018	 0.039	-0.018	 0.045	-0.003	 0.030	-0.065	 0.020
	Loc_11	 0.027	 0.035	-0.072	 0.003	-0.001	-0.044	-0.042	 0.100	 0.035	-0.047	 0.033	 0.091
	Loc_12	 0.015	 0.040	 0.333	-0.008	 0.042	    NA	    NA	-0.103	    NA	-0.003	 0.120	 0.036
	Loc_13	 0.012	-0.014	 0.257	 0.014	-0.046	-0.050	-0.070	-0.047	-0.018	-0.005	-0.004	 0.091

	All 	 0.010	 0.012	 0.042	-0.001	 0.005	-0.009	-0.020	-0.006	-0.009	-0.001	 0.015	 0.008
